"../../../../../../Users/RTGUnit02/Documents/Unreal Projects/CPP_BattleTank/Content/BattleTank/Asset/Material/Landscape.uasset" 0
"../../../Engine/Content/Functions/Engine_MaterialFunctions01/Opacity/CameraDepthFade.uasset" 1
"../../../Engine/Content/EngineMaterials/T_Default_Material_Grid_M.uasset" 2
"../../../Engine/Content/EngineMaterials/T_Default_Material_Grid_N.uasset" 3
"../../../Engine/Content/EngineMaterials/WorldGridMaterial.uasset" 4
"../../../Engine/Content/ArtTools/RenderToTexture/Meshes/S_1_Unit_Plane.uasset" 5
"../../../Engine/Content/EngineMaterials/DefaultMaterial.uasset" 6
"../../../Engine/Content/BasicShapes/Cone.uasset" 7
"../../../Engine/Content/BasicShapes/Cube.uasset" 8
"../../../Engine/Content/BasicShapes/Cylinder.uasset" 9
"../../../Engine/Content/BasicShapes/Plane.uasset" 10
"../../../Engine/Content/BasicShapes/Sphere.uasset" 11
"../../../Engine/Content/EditorLandscapeResources/DataLayer.uasset" 12
"../../../Engine/Content/EditorMaterials/GizmoMaterial.uasset" 13
"../../../Engine/Content/EditorMaterials/MAT_Groups_Toggle.uasset" 14
"../../../Engine/Content/EditorMaterials/MAT_Groups_Visibility.uasset" 15
"../../../Engine/Content/EditorMaterials/PreviewShadowIndicator.uasset" 16
"../../../Engine/Content/EditorMaterials/PreviewShadowIndicatorMaterial.uasset" 17
"../../../Engine/Content/EditorMaterials/MatineeGroups/MAT_ColorTrack.uasset" 18
"../../../Engine/Content/EditorMaterials/MatineeGroups/MAT_Groups_Anim.uasset" 19
"../../../Engine/Content/EditorMaterials/MatineeGroups/MAT_Groups_AudioMaster.uasset" 20
"../../../Engine/Content/EditorMaterials/MatineeGroups/MAT_Groups_Director.uasset" 21
"../../../Engine/Content/EditorMaterials/MatineeGroups/MAT_Groups_Event.uasset" 22
"../../../Engine/Content/EditorMaterials/MatineeGroups/MAT_Groups_Fade.uasset" 23
"../../../Engine/Content/EditorMaterials/MatineeGroups/MAT_Groups_Float.uasset" 24
"../../../Engine/Content/EditorMaterials/MatineeGroups/MAT_Groups_Move.uasset" 25
"../../../Engine/Content/EditorMaterials/MatineeGroups/MAT_Groups_Slomo.uasset" 26
"../../../Engine/Content/EditorMaterials/MatineeGroups/MAT_Groups_Sound.uasset" 27
"../../../Engine/Content/EditorMaterials/MatineeGroups/MAT_Groups_Vector.uasset" 28
"../../../Engine/Content/EditorMaterials/ParticleSystems/PSysThumbnail_NoImage.uasset" 29
"../../../Engine/Content/EditorMaterials/ParticleSystems/PSysThumbnail_OOD.uasset" 30
"../../../Engine/Content/EditorMaterials/Camera/CineMat.uasset" 31
"../../../Engine/Content/EditorMaterials/Camera/MI_CineMat_Rig.uasset" 32
"../../../Engine/Content/EditorMeshes/Camera/SM_CraneRig_Arm.uasset" 33
"../../../Engine/Content/EditorMeshes/Camera/SM_CraneRig_Base.uasset" 34
"../../../Engine/Content/EditorMeshes/Camera/SM_CraneRig_Body.uasset" 35
"../../../Engine/Content/EditorMeshes/Camera/SM_CraneRig_Mount.uasset" 36
"../../../Engine/Content/EditorMeshes/Camera/SM_RailRig_Mount.uasset" 37
"../../../Engine/Content/EditorMeshes/Camera/SM_RailRig_Track.uasset" 38
"../../../Engine/Content/EditorResources/BSPVertex.uasset" 39
"../../../Engine/Content/EditorResources/EmptyActor.uasset" 40
"../../../Engine/Content/EditorResources/S_Actor.uasset" 41
"../../../Engine/Content/EditorResources/S_Trigger.uasset" 42
"../../../Engine/Content/EditorResources/LightIcons/S_LightError.uasset" 43
"../../../Engine/Content/EditorResources/SequenceRecorder/Countdown.uasset" 44
"../../../Engine/Content/EditorResources/SequenceRecorder/RecordingIndicator.uasset" 45
"../../../Engine/Content/EditorSounds/Notifications/CompileFailed.uasset" 46
"../../../Engine/Content/EditorSounds/Notifications/CompileFailed_Cue.uasset" 47
"../../../Engine/Content/EditorSounds/Notifications/CompileSuccess.uasset" 48
"../../../Engine/Content/EditorSounds/Notifications/CompileStart_Cue.uasset" 49
"../../../Engine/Content/EditorSounds/Notifications/CompileSuccess_Cue.uasset" 50
"../../../Engine/Content/EngineDamageTypes/DmgTypeBP_Environmental.uasset" 51
"../../../Engine/Content/EngineDebugMaterials/HeatmapGradient.uasset" 52
"../../../Engine/Content/EngineDebugMaterials/BoneWeightMaterial.uasset" 53
"../../../Engine/Content/EngineDebugMaterials/ClothMaterial.uasset" 54
"../../../Engine/Content/EngineDebugMaterials/ClothMaterial_WF.uasset" 55
"../../../Engine/Content/EngineDebugMaterials/DebugEditorMaterial.uasset" 56
"../../../Engine/Content/EngineDebugMaterials/DebugMeshMaterial.uasset" 57
"../../../Engine/Content/EngineDebugMaterials/GeomMaterial.uasset" 58
"../../../Engine/Content/EngineDebugMaterials/M_SimpleTranslucent.uasset" 59
"../../../Engine/Content/EngineFonts/Faces/RobotoBold.uasset" 60
"../../../Engine/Content/EngineFonts/Faces/RobotoBoldItalic.uasset" 61
"../../../Engine/Content/EngineFonts/Faces/RobotoItalic.uasset" 62
"../../../Engine/Content/EngineFonts/Faces/RobotoLight.uasset" 63
"../../../Engine/Content/EngineFonts/Faces/RobotoRegular.uasset" 64
"../../../Engine/Content/EngineFonts/Roboto.uasset" 65
"../../../Engine/Content/EngineFonts/Faces/RobotoTiny.uasset" 66
"../../../Engine/Content/EngineFonts/RobotoTiny.uasset" 67
"../../../Engine/Content/EngineMaterials/BaseFlattenDiffuseMap.uasset" 68
"../../../Engine/Content/EngineMaterials/BaseFlattenEmissiveMap.uasset" 69
"../../../Engine/Content/EngineMaterials/BaseFlattenGrayscaleMap.uasset" 70
"../../../Engine/Content/EngineMaterials/BaseFlattenNormalMap.uasset" 71
"../../../Engine/Content/EngineMaterials/BaseFlattenMaterial.uasset" 72
"../../../Engine/Content/EngineMaterials/DefaultBloomKernel.uasset" 73
"../../../Engine/Content/EngineMaterials/DefaultBokeh.uasset" 74
"../../../Engine/Content/EngineMaterials/DefaultDiffuse.uasset" 75
"../../../Engine/Content/EngineMaterials/DefaultDeferredDecalMaterial.uasset" 76
"../../../Engine/Content/EngineMaterials/DefaultLightFunctionMaterial.uasset" 77
"../../../Engine/Content/Functions/Engine_MaterialFunctions02/Utility/BreakOutFloat2Components.uasset" 78
"../../../Engine/Content/EngineMaterials/DefaultPostProcessMaterial.uasset" 79
"../../../Engine/Content/EngineFonts/RobotoDistanceField.uasset" 80
"../../../Engine/Content/EngineMaterials/DefaultTextMaterialOpaque.uasset" 81
"../../../Engine/Content/EngineMaterials/DefaultWhiteGrid.uasset" 82
"../../../Engine/Content/EngineMaterials/EditorBrushMaterial.uasset" 83
"../../../Engine/Content/EngineMaterials/MiniFont.uasset" 84
"../../../Engine/Content/EngineMaterials/InvalidLightmapSettings.uasset" 85
"../../../Engine/Content/EngineMaterials/M_InvalidLightmapSettings.uasset" 86
"../../../Engine/Content/Functions/Engine_MaterialFunctions02/WorldPositionOffset/CameraOffset.uasset" 87
"../../../Engine/Content/EngineMaterials/PhAT_JointLimitMaterial.uasset" 88
"../../../Engine/Content/EngineMaterials/PreintegratedSkinBRDF.uasset" 89
"../../../Engine/Content/EngineMaterials/RemoveSurfaceMaterial.uasset" 90
"../../../Engine/Content/EngineMaterials/WeightMapPlaceholderTexture.uasset" 91
"../../../Engine/Content/EngineResources/WhiteSquareTexture.uasset" 92
"../../../Engine/Content/EngineMaterials/Widget3DPassThrough.uasset" 93
"../../../Engine/Content/EngineMaterials/Widget3DPassThrough_Masked.uasset" 94
"../../../Engine/Content/EngineMaterials/Widget3DPassThrough_Opaque.uasset" 95
"../../../Engine/Content/EngineMaterials/Widget3DPassThrough_Masked_OneSided.uasset" 96
"../../../Engine/Content/EngineMaterials/Widget3DPassThrough_Opaque_OneSided.uasset" 97
"../../../Engine/Content/EngineMaterials/Widget3DPassThrough_Translucent.uasset" 98
"../../../Engine/Content/EngineMaterials/Widget3DPassThrough_Translucent_OneSided.uasset" 99
"../../../Engine/Content/EngineMeshes/Cylinder.uasset" 100
"../../../Engine/Content/EngineMeshes/Sphere.uasset" 101
"../../../Engine/Content/EngineResources/Black.uasset" 102
"../../../Engine/Content/EngineResources/DefaultTexture.uasset" 103
"../../../Engine/Content/EngineResources/DefaultTextureCube.uasset" 104
"../../../Engine/Content/EngineResources/DefaultVolumeTexture2D.uasset" 105
"../../../Engine/Content/EngineResources/DefaultVolumeTexture.uasset" 106
"../../../Engine/Content/EngineResources/GradientTexture0.uasset" 107
"../../../Engine/Content/EngineSounds/Master.uasset" 108
"../../../Engine/Content/Functions/Engine_MaterialFunctions01/Shading/ConvertFromDiffSpec.uasset" 109
"../../../Engine/Content/Functions/Engine_MaterialFunctions01/Shading/PowerToRoughness.uasset" 110
"../../../Engine/Content/Maps/Templates/Thumbnails/Default.uasset" 111
"../../../Engine/Content/Maps/Templates/Thumbnails/VR-Basic.uasset" 112
"../../../Engine/Content/MobileResources/T_MobileControls_texture.uasset" 113
"../../../Engine/Content/MobileResources/T_MobileMenu2.uasset" 114
"../../../Engine/Content/MobileResources/HUD/AnalogHat.uasset" 115
"../../../Engine/Content/MobileResources/HUD/VirtualJoystick_Background.uasset" 116
"../../../Engine/Content/MobileResources/HUD/VirtualJoystick_Thumb.uasset" 117
"../../../Engine/Content/MobileResources/HUD/DefaultVirtualJoysticks.uasset" 118
"../../../Engine/Content/MobileResources/HUD/LeftVirtualJoystickOnly.uasset" 119
"../../../Engine/Content/MobileResources/HUD/MobileHUDButton1_off.uasset" 120
"../../../Engine/Content/MobileResources/HUD/MobileHUDButton1_on.uasset" 121
"../../../Engine/Content/MobileResources/HUD/MobileHUDButton2_off.uasset" 122
"../../../Engine/Content/MobileResources/HUD/MobileHUDButton2_on.uasset" 123
"../../../Engine/Content/MobileResources/HUD/MobileHUDButton3.uasset" 124
"../../../Engine/Content/MobileResources/HUD/MobileHUDButtonFire.uasset" 125
"../../../Engine/Content/MobileResources/HUD/MobileHUDDirectionPad.uasset" 126
"../../../Engine/Content/MobileResources/HUD/MobileHUDDirectionPad2.uasset" 127
"../../../Engine/Content/MobileResources/HUD/MobileHUDDirectionPad3.uasset" 128
"../../../Engine/Content/MobileResources/HUD/MobileHUDDirectionStick.uasset" 129
"../../../Engine/Content/MobileResources/HUD/T_Castle_ThumbstickInner.uasset" 130
"../../../Engine/Content/MobileResources/HUD/T_Castle_ThumbstickOutter.uasset" 131
"../../../Engine/Content/Tutorial/ContentIntroCurve.uasset" 132
"../../../Engine/Content/VREditor/LaserPointer/VR_LaserPower_01.uasset" 133
"../../../Engine/Content/VREditor/TransformGizmo/TransformGizmoMaterial.uasset" 134
"../../../Engine/Content/VREditor/TransformGizmo/TranslucentTransformGizmoMaterial.uasset" 135
"../../../Engine/Content/VREditor/TransformGizmo/BoundingBoxCorner.uasset" 136
"../../../Engine/Content/VREditor/TransformGizmo/BoundingBoxEdge.uasset" 137
"../../../Engine/Content/VREditor/TransformGizmo/PlaneTranslationHandle.uasset" 138
"../../../Engine/Content/VREditor/TransformGizmo/Main.uasset" 139
"../../../Engine/Content/VREditor/TransformGizmo/Xray.uasset" 140
"../../../Engine/Content/VREditor/TransformGizmo/SM_Sequencer_Key.uasset" 141
"../../../Engine/Content/VREditor/TransformGizmo/SM_Sequencer_Node.uasset" 142
"../../Plugins/2D/Paper2D/Content/PlaceholderTextures/DummySpriteTexture.uasset" 143
"../../Plugins/2D/Paper2D/Content/DummySprite.uasset" 144
"../../Plugins/2D/Paper2D/Content/DefaultPaperTerrainMaterial.uasset" 145
"../../Plugins/2D/Paper2D/Content/DefaultSpriteMaterial.uasset" 146
"../../Plugins/2D/Paper2D/Content/MaskedUnlitSpriteMaterial.uasset" 147
"../../Plugins/2D/Paper2D/Content/OpaqueUnlitSpriteMaterial.uasset" 148
"../../../Engine/Content/Functions/Engine_MaterialFunctions01/Texturing/FlattenNormal.uasset" 149
"../../../Engine/Content/EngineMaterials/FlatNormal.uasset" 150
"../../Plugins/Enterprise/DatasmithContent/Content/Materials/CE_BaseMaster.uasset" 151
"../../Plugins/Enterprise/DatasmithContent/Content/Materials/CE_OpacityMaster.uasset" 152
"../../Plugins/Enterprise/DatasmithContent/Content/Materials/CE_OpacitySimpleMaster.uasset" 153
"../../Plugins/Enterprise/DatasmithContent/Content/Materials/CE_OpaqueMaster.uasset" 154
"../../../Engine/Content/Functions/Engine_MaterialFunctions01/Texturing/ComputeMipLevel.uasset" 155
"../../../Engine/Content/Functions/Engine_MaterialFunctions01/Texturing/TextureCropping.uasset" 156
"../../../Engine/Content/Functions/Engine_MaterialFunctions02/Utility/BreakOutFloat3Components.uasset" 157
"../../../Engine/Content/Functions/Engine_MaterialFunctions02/ExampleContent/DebugNumberStrip.uasset" 158
"../../../Engine/Content/Functions/Engine_MaterialFunctions02/ExampleContent/Textures/DebugNumberPeriod.uasset" 159
"../../../Engine/Content/Functions/Engine_MaterialFunctions02/Utility/DebugScalarValues.uasset" 160
"../../../Engine/Content/Functions/Engine_MaterialFunctions02/Utility/DebugFloat3Values.uasset" 161
"../../../Engine/Content/Functions/Engine_MaterialFunctions02/Utility/MakeFloat3.uasset" 162
"../../../Engine/Content/Functions/Engine_MaterialFunctions02/Math/RGBtoHSV.uasset" 163
"../../../Engine/Content/Functions/Engine_MaterialFunctions02/Utility/BreakOutFloat4Components.uasset" 164
"../../../Engine/Content/Functions/Engine_MaterialFunctions02/Utility/DebugFloat4Values.uasset" 165
"../../Plugins/Enterprise/DatasmithContent/Content/Materials/Datasmith_Color.uasset" 166
"../../../Engine/Content/Functions/Engine_MaterialFunctions02/ExampleContent/Textures/flipbook.uasset" 167
"../../Plugins/Enterprise/DatasmithContent/Content/Materials/ExtractColor.uasset" 168
"../../../Engine/Content/Functions/Engine_MaterialFunctions02/Texturing/CustomRotator.uasset" 169
"../../Plugins/Enterprise/DatasmithContent/Content/Materials/UVEdit.uasset" 170
"../../Plugins/Enterprise/DatasmithContent/Content/Materials/Datasmith_Material.uasset" 171
"../../Plugins/Enterprise/DatasmithContent/Content/Materials/SketchUpMaster.uasset" 172
"../../Plugins/Enterprise/DatasmithContent/Content/Materials/FBXImporter/DeltaGenUVEdit.uasset" 173
"../../Plugins/Enterprise/DatasmithContent/Content/Materials/FBXImporter/DeltaGenBase.uasset" 174
"../../../Engine/Content/EngineMaterials/T_Default_Normal.uasset" 175
"../../Plugins/Enterprise/DatasmithContent/Content/Materials/FBXImporter/DeltaGenMaster.uasset" 176
"../../Plugins/Enterprise/DatasmithContent/Content/Materials/FBXImporter/DeltaGenMasterTransparent.uasset" 177
"../../Plugins/Enterprise/DatasmithContent/Content/Materials/FBXImporter/VREDUVEdit.uasset" 178
"../../Plugins/Enterprise/DatasmithContent/Content/Materials/FBXImporter/VREDBase.uasset" 179
"../../Plugins/Enterprise/DatasmithContent/Content/Materials/FBXImporter/VREDMaster.uasset" 180
"../../Plugins/Enterprise/DatasmithContent/Content/Materials/FBXImporter/VREDMasterTransparent.uasset" 181
"../../Plugins/Enterprise/DatasmithContent/Content/Materials/MDL/Base.uasset" 182
"../../../Engine/Content/EditorLandscapeResources/WhiteSquareTexture.uasset" 183
"../../Plugins/Enterprise/DatasmithContent/Content/Materials/MDL/ClearCoat.uasset" 184
"../../Plugins/Enterprise/DatasmithContent/Content/Materials/MDL/Emissive.uasset" 185
"../../Plugins/Enterprise/DatasmithContent/Content/Materials/MDL/BaseOpacity.uasset" 186
"../../../Engine/Content/Functions/Engine_MaterialFunctions02/Texturing/ScreenAlignedPixelToPixelUVs.uasset" 187
"../../../Engine/Content/EngineMaterials/Good64x64TilingNoiseHighFreq.uasset" 188
"../../../Engine/Content/Functions/Engine_MaterialFunctions02/Utility/DitherTemporalAA.uasset" 189
"../../Plugins/Enterprise/DatasmithContent/Content/Materials/MDL/Masked.uasset" 190
"../../Plugins/Enterprise/DatasmithContent/Content/Materials/MDL/Opaque.uasset" 191
"../../Plugins/Enterprise/DatasmithContent/Content/Materials/MDL/Transparent.uasset" 192
"../../Plugins/Runtime/Oculus/OculusVR/Content/Materials/PokeAHoleMaterial.uasset" 193
"../../Plugins/Runtime/Oculus/OculusVR/Content/Textures/GearVRController_AO.uasset" 194
"../../Plugins/Runtime/Oculus/OculusVR/Content/Textures/GearVRController_Color.uasset" 195
"../../Plugins/Runtime/Oculus/OculusVR/Content/Textures/GearVRController_Normal.uasset" 196
"../../Plugins/Runtime/Oculus/OculusVR/Content/Materials/GearVRControllerMaterial.uasset" 197
"../../Plugins/Runtime/Oculus/OculusVR/Content/Meshes/GearVrController.uasset" 198
"../../Plugins/Runtime/Oculus/OculusVR/Content/Textures/touchController_albedo.uasset" 199
"../../Plugins/Runtime/Oculus/OculusVR/Content/Textures/touchController_controlmap.uasset" 200
"../../Plugins/Runtime/Oculus/OculusVR/Content/Materials/touchController_mat.uasset" 201
"../../Plugins/Runtime/Oculus/OculusVR/Content/Meshes/LeftTouchController.uasset" 202
"../../Plugins/Runtime/Oculus/OculusVR/Content/Meshes/RiftHMD.uasset" 203
"../../Plugins/Runtime/Oculus/OculusVR/Content/Meshes/RightTouchController.uasset" 204
"../../../Enterprise/Plugins/Editor/StaticMeshEditorExtension/Content/HoveredFaceMaterial.uasset" 205
"../../../Enterprise/Plugins/Editor/StaticMeshEditorExtension/Content/HoveredGeometryMaterial.uasset" 206
"../../../Enterprise/Plugins/Editor/StaticMeshEditorExtension/Content/WireWorldOffset.uasset" 207
"../../../Enterprise/Plugins/Editor/StaticMeshEditorExtension/Content/OverlayLineMaterial.uasset" 208
"../../../Enterprise/Plugins/Editor/StaticMeshEditorExtension/Content/OverlayPointMaterial.uasset" 209
"../../../Enterprise/Plugins/Editor/StaticMeshEditorExtension/Content/WireMaterial.uasset" 210
"../../../Enterprise/Plugins/Editor/StaticMeshEditorExtension/Content/WireMaterialBaseCage.uasset" 211
"../../../Engine/Content/EditorBlueprintResources/StandardMacros.uasset" 212
"../../../Engine/Content/EngineSky/C_Sky_Cloud_Color.uasset" 213
"../../../Engine/Content/EngineSky/C_Sky_Horizon_Color.uasset" 214
"../../../Engine/Content/EngineSky/C_Sky_Zenith_Color.uasset" 215
"../../../Engine/Content/EngineSky/T_Sky_Blue.uasset" 216
"../../../Engine/Content/EngineSky/T_Sky_Clouds_M.uasset" 217
"../../../Engine/Content/EngineSky/T_Sky_Stars.uasset" 218
"../../../Engine/Content/EngineSky/M_Sky_Panning_Clouds2.uasset" 219
"../../../Engine/Content/EngineSky/SM_SkySphere.uasset" 220
"../../../Engine/Content/EngineSky/BP_Sky_Sphere.uasset" 221
"../../../../../../Users/RTGUnit02/Documents/Unreal Projects/CPP_BattleTank/Content/BattleTank/Blueprint/Widget/Crosshair.uasset" 222
"../../../../../../Users/RTGUnit02/Documents/Unreal Projects/CPP_BattleTank/Content/BattleTank/Blueprint/Core/PC_Tank.uasset" 223
"../../../../../../Users/RTGUnit02/Documents/Unreal Projects/CPP_BattleTank/Content/BattleTank/Asset/Model/Tank/tank_fbx_Barrel.uasset" 224
"../../../../../../Users/RTGUnit02/Documents/Unreal Projects/CPP_BattleTank/Content/BattleTank/Asset/Model/Tank/tank_fbx_Track.uasset" 225
"../../../../../../Users/RTGUnit02/Documents/Unreal Projects/CPP_BattleTank/Content/BattleTank/Asset/Model/Tank/tank_fbx_Turret.uasset" 226
"../../../../../../Users/RTGUnit02/Documents/Unreal Projects/CPP_BattleTank/Content/BattleTank/Asset/Model/Tank/tank_fbx_Body.uasset" 227
"../../../../../../Users/RTGUnit02/Documents/Unreal Projects/CPP_BattleTank/Content/BattleTank/Blueprint/Tank/P_Tank.uasset" 228
"../../../../../../Users/RTGUnit02/Documents/Unreal Projects/CPP_BattleTank/Content/BattleTank/Blueprint/Core/GM_BattleTank.uasset" 229
"../../../../../../Users/RTGUnit02/Documents/Unreal Projects/CPP_BattleTank/Content/BattleTank/Level/BattleGround_1_sharedassets/Dirt_LayerInfo.uasset" 230
"../../../../../../Users/RTGUnit02/Documents/Unreal Projects/CPP_BattleTank/Content/BattleTank/Level/BattleGround_1_sharedassets/Grass_LayerInfo.uasset" 231
"../../../../../../Users/RTGUnit02/Documents/Unreal Projects/CPP_BattleTank/Content/BattleTank/Level/BattleGround_1_sharedassets/Snow_LayerInfo.uasset" 232
"../../../../../../Users/RTGUnit02/Documents/Unreal Projects/CPP_BattleTank/Content/BattleTank/Level/BattleGround_1_BuiltData.uasset" 233
"../../../../../../Users/RTGUnit02/Documents/Unreal Projects/CPP_BattleTank/Content/StarterContent/Textures/T_Ground_Grass_D.uasset" 234
"../../../../../../Users/RTGUnit02/Documents/Unreal Projects/CPP_BattleTank/Content/StarterContent/Textures/T_Ground_Gravel_D.uasset" 235
"../../../../../../Users/RTGUnit02/Documents/Unreal Projects/CPP_BattleTank/Content/BattleTank/Asset/Material/FlatLand.uasset" 236
"../../../Engine/Content/EngineMaterials/DefaultPhysicalMaterial.uasset" 237
"../../../../../../Users/RTGUnit02/Documents/Unreal Projects/CPP_BattleTank/Content/BattleTank/Level/BattleGround_1.umap" 238
"../../../../../../Users/RTGUnit02/Documents/Unreal Projects/CPP_BattleTank/Content/BattleTank/Level/BattleGround_2_BuiltData.uasset" 239
"../../../../../../Users/RTGUnit02/Documents/Unreal Projects/CPP_BattleTank/Content/BattleTank/Level/BattleGround_2.umap" 240
"../../../../../../Users/RTGUnit02/Documents/Unreal Projects/CPP_BattleTank/Content/BattleTank/Blueprint/Core/PC_MainMenu.uasset" 241
"../../../../../../Users/RTGUnit02/Documents/Unreal Projects/CPP_BattleTank/Content/BattleTank/Blueprint/Core/GM_MainMenu.uasset" 242
"../../../../../../Users/RTGUnit02/Documents/Unreal Projects/CPP_BattleTank/Content/BattleTank/Asset/Texture/Font/inktank.uasset" 243
"../../../../../../Users/RTGUnit02/Documents/Unreal Projects/CPP_BattleTank/Content/BattleTank/Asset/Texture/Font/inktank_Font.uasset" 244
"../../../../../../Users/RTGUnit02/Documents/Unreal Projects/CPP_BattleTank/Content/BattleTank/Asset/Texture/Image/BT17-Firing-M1A1-tank-in-Djibouti.uasset" 245
"../../../../../../Users/RTGUnit02/Documents/Unreal Projects/CPP_BattleTank/Content/BattleTank/Blueprint/Widget/MainMenu.uasset" 246
"../../../../../../Users/RTGUnit02/Documents/Unreal Projects/CPP_BattleTank/Content/BattleTank/Level/MainMenu.umap" 247
"../../../Engine/Content/Maps/Entry_BuiltData.uasset" 248
"../../../Engine/Content/Maps/Entry.umap" 249
